# JRE version: Java(TM) SE Runtime Environment (8.0_77-b03) (build 1.8.0_77-b03)
# Java VM: Java HotSpot(TM) 64-Bit Server VM (25.77-b03 mixed mode linux-amd64 compressed oops)
Heap:
 PSYoungGen      total 611840K, used 253669K [0x00007fdca1100000, 0x00007fdccbb80000, 0x00007fdf21000000)
  eden space 524800K, 48% used [0x00007fdca1100000,0x00007fdcb08b9590,0x00007fdcc1180000)
  from space 87040K, 0% used [0x00007fdcc1180000,0x00007fdcc1180000,0x00007fdcc6680000)
  to   space 87040K, 0% used [0x00007fdcc6680000,0x00007fdcc6680000,0x00007fdccbb80000)
 ParOldGen       total 854528K, used 16022K [0x00007fd7a1200000, 0x00007fd7d5480000, 0x00007fdca1100000)
  object space 854528K, 1% used [0x00007fd7a1200000,0x00007fd7a21a5940,0x00007fd7d5480000)
 Metaspace       used 21547K, capacity 21730K, committed 22144K, reserved 1069056K
  class space    used 2505K, capacity 2569K, committed 2688K, reserved 1048576K
GC Heap History (4 events):
Event: 1.896 GC heap before
{Heap before GC invocations=1 (full 0):
 PSYoungGen      total 611840K, used 251914K [0x00007fdca1100000, 0x00007fdccbb80000, 0x00007fdf21000000)
  eden space 524800K, 48% used [0x00007fdca1100000,0x00007fdcb07028f8,0x00007fdcc1180000)
  from space 87040K, 0% used [0x00007fdcc6680000,0x00007fdcc6680000,0x00007fdccbb80000)
  to   space 87040K, 0% used [0x00007fdcc1180000,0x00007fdcc1180000,0x00007fdcc6680000)
 ParOldGen       total 1398272K, used 0K [0x00007fd7a1200000, 0x00007fd7f6780000, 0x00007fdca1100000)
  object space 1398272K, 0% used [0x00007fd7a1200000,0x00007fd7a1200000,0x00007fd7f6780000)
 Metaspace       used 20990K, capacity 21180K, committed 21248K, reserved 1069056K
  class space    used 2460K, capacity 2536K, committed 2560K, reserved 1048576K
Event: 1.913 GC heap after
Heap after GC invocations=1 (full 0):
 PSYoungGen      total 611840K, used 16916K [0x00007fdca1100000, 0x00007fdccbb80000, 0x00007fdf21000000)
  eden space 524800K, 0% used [0x00007fdca1100000,0x00007fdca1100000,0x00007fdcc1180000)
  from space 87040K, 19% used [0x00007fdcc1180000,0x00007fdcc2205378,0x00007fdcc6680000)
  to   space 87040K, 0% used [0x00007fdcc6680000,0x00007fdcc6680000,0x00007fdccbb80000)
 ParOldGen       total 1398272K, used 88K [0x00007fd7a1200000, 0x00007fd7f6780000, 0x00007fdca1100000)
  object space 1398272K, 0% used [0x00007fd7a1200000,0x00007fd7a1216028,0x00007fd7f6780000)
 Metaspace       used 20990K, capacity 21180K, committed 21248K, reserved 1069056K
  class space    used 2460K, capacity 2536K, committed 2560K, reserved 1048576K
}
Event: 1.913 GC heap before
{Heap before GC invocations=2 (full 1):
 PSYoungGen      total 611840K, used 16916K [0x00007fdca1100000, 0x00007fdccbb80000, 0x00007fdf21000000)
  eden space 524800K, 0% used [0x00007fdca1100000,0x00007fdca1100000,0x00007fdcc1180000)
  from space 87040K, 19% used [0x00007fdcc1180000,0x00007fdcc2205378,0x00007fdcc6680000)
  to   space 87040K, 0% used [0x00007fdcc6680000,0x00007fdcc6680000,0x00007fdccbb80000)
 ParOldGen       total 1398272K, used 88K [0x00007fd7a1200000, 0x00007fd7f6780000, 0x00007fdca1100000)
  object space 1398272K, 0% used [0x00007fd7a1200000,0x00007fd7a1216028,0x00007fd7f6780000)
 Metaspace       used 20990K, capacity 21180K, committed 21248K, reserved 1069056K
  class space    used 2460K, capacity 2536K, committed 2560K, reserved 1048576K
Event: 1.938 GC heap after
Heap after GC invocations=2 (full 1):
 PSYoungGen      total 611840K, used 0K [0x00007fdca1100000, 0x00007fdccbb80000, 0x00007fdf21000000)
  eden space 524800K, 0% used [0x00007fdca1100000,0x00007fdca1100000,0x00007fdcc1180000)
  from space 87040K, 0% used [0x00007fdcc1180000,0x00007fdcc1180000,0x00007fdcc6680000)
  to   space 87040K, 0% used [0x00007fdcc6680000,0x00007fdcc6680000,0x00007fdccbb80000)
 ParOldGen       total 854528K, used 16022K [0x00007fd7a1200000, 0x00007fd7d5480000, 0x00007fdca1100000)
  object space 854528K, 1% used [0x00007fd7a1200000,0x00007fd7a21a5940,0x00007fd7d5480000)
 Metaspace       used 20990K, capacity 21180K, committed 21248K, reserved 1069056K
  class space    used 2460K, capacity 2536K, committed 2560K, reserved 1048576K
}

