# JRE version: Java(TM) SE Runtime Environment (8.0_77-b03) (build 1.8.0_77-b03)
# Java VM: Java HotSpot(TM) 64-Bit Server VM (25.77-b03 mixed mode linux-amd64 compressed oops)
Heap:
 PSYoungGen      total 611840K, used 90266K [0x00007fb8d5100000, 0x00007fb8ffb80000, 0x00007fbb55000000)
  eden space 524800K, 17% used [0x00007fb8d5100000,0x00007fb8da9268a8,0x00007fb8f5180000)
  from space 87040K, 0% used [0x00007fb8f5180000,0x00007fb8f5180000,0x00007fb8fa680000)
  to   space 87040K, 0% used [0x00007fb8fa680000,0x00007fb8fa680000,0x00007fb8ffb80000)
 ParOldGen       total 859136K, used 16022K [0x00007fb3d5200000, 0x00007fb409900000, 0x00007fb8d5100000)
  object space 859136K, 1% used [0x00007fb3d5200000,0x00007fb3d61a59d0,0x00007fb409900000)
 Metaspace       used 21391K, capacity 21564K, committed 21760K, reserved 1069056K
  class space    used 2489K, capacity 2536K, committed 2560K, reserved 1048576K
GC Heap History (4 events):
Event: 2.262 GC heap before
{Heap before GC invocations=1 (full 0):
 PSYoungGen      total 611840K, used 241418K [0x00007fb8d5100000, 0x00007fb8ffb80000, 0x00007fbb55000000)
  eden space 524800K, 46% used [0x00007fb8d5100000,0x00007fb8e3cc29f0,0x00007fb8f5180000)
  from space 87040K, 0% used [0x00007fb8fa680000,0x00007fb8fa680000,0x00007fb8ffb80000)
  to   space 87040K, 0% used [0x00007fb8f5180000,0x00007fb8f5180000,0x00007fb8fa680000)
 ParOldGen       total 1398272K, used 0K [0x00007fb3d5200000, 0x00007fb42a780000, 0x00007fb8d5100000)
  object space 1398272K, 0% used [0x00007fb3d5200000,0x00007fb3d5200000,0x00007fb42a780000)
 Metaspace       used 20990K, capacity 21180K, committed 21248K, reserved 1069056K
  class space    used 2460K, capacity 2536K, committed 2560K, reserved 1048576K
Event: 2.279 GC heap after
Heap after GC invocations=1 (full 0):
 PSYoungGen      total 611840K, used 17062K [0x00007fb8d5100000, 0x00007fb8ffb80000, 0x00007fbb55000000)
  eden space 524800K, 0% used [0x00007fb8d5100000,0x00007fb8d5100000,0x00007fb8f5180000)
  from space 87040K, 19% used [0x00007fb8f5180000,0x00007fb8f6229a78,0x00007fb8fa680000)
  to   space 87040K, 0% used [0x00007fb8fa680000,0x00007fb8fa680000,0x00007fb8ffb80000)
 ParOldGen       total 1398272K, used 80K [0x00007fb3d5200000, 0x00007fb42a780000, 0x00007fb8d5100000)
  object space 1398272K, 0% used [0x00007fb3d5200000,0x00007fb3d5214010,0x00007fb42a780000)
 Metaspace       used 20990K, capacity 21180K, committed 21248K, reserved 1069056K
  class space    used 2460K, capacity 2536K, committed 2560K, reserved 1048576K
}
Event: 2.279 GC heap before
{Heap before GC invocations=2 (full 1):
 PSYoungGen      total 611840K, used 17062K [0x00007fb8d5100000, 0x00007fb8ffb80000, 0x00007fbb55000000)
  eden space 524800K, 0% used [0x00007fb8d5100000,0x00007fb8d5100000,0x00007fb8f5180000)
  from space 87040K, 19% used [0x00007fb8f5180000,0x00007fb8f6229a78,0x00007fb8fa680000)
  to   space 87040K, 0% used [0x00007fb8fa680000,0x00007fb8fa680000,0x00007fb8ffb80000)
 ParOldGen       total 1398272K, used 80K [0x00007fb3d5200000, 0x00007fb42a780000, 0x00007fb8d5100000)
  object space 1398272K, 0% used [0x00007fb3d5200000,0x00007fb3d5214010,0x00007fb42a780000)
 Metaspace       used 20990K, capacity 21180K, committed 21248K, reserved 1069056K
  class space    used 2460K, capacity 2536K, committed 2560K, reserved 1048576K
Event: 2.304 GC heap after
Heap after GC invocations=2 (full 1):
 PSYoungGen      total 611840K, used 0K [0x00007fb8d5100000, 0x00007fb8ffb80000, 0x00007fbb55000000)
  eden space 524800K, 0% used [0x00007fb8d5100000,0x00007fb8d5100000,0x00007fb8f5180000)
  from space 87040K, 0% used [0x00007fb8f5180000,0x00007fb8f5180000,0x00007fb8fa680000)
  to   space 87040K, 0% used [0x00007fb8fa680000,0x00007fb8fa680000,0x00007fb8ffb80000)
 ParOldGen       total 859136K, used 16022K [0x00007fb3d5200000, 0x00007fb409900000, 0x00007fb8d5100000)
  object space 859136K, 1% used [0x00007fb3d5200000,0x00007fb3d61a59d0,0x00007fb409900000)
 Metaspace       used 20990K, capacity 21180K, committed 21248K, reserved 1069056K
  class space    used 2460K, capacity 2536K, committed 2560K, reserved 1048576K
}

